Getting org.scala-sbt sbt 0.13.9 ...
downloading https://repo.typesafe.com/typesafe/ivy-releases/org.scala-sbt/sbt/0.13.9/jars/sbt.jar ...
	[SUCCESSFUL ] org.scala-sbt#sbt;0.13.9!sbt.jar (2333ms)
downloading https://repo1.maven.org/maven2/org/scala-lang/scala-library/2.10.5/scala-library-2.10.5.jar ...
	[SUCCESSFUL ] org.scala-lang#scala-library;2.10.5!scala-library.jar (1945ms)
downloading https://repo.typesafe.com/typesafe/ivy-releases/org.scala-sbt/main/0.13.9/jars/main.jar ...
	[SUCCESSFUL ] org.scala-sbt#main;0.13.9!main.jar (2772ms)
downloading https://repo.typesafe.com/typesafe/ivy-releases/org.scala-sbt/compiler-interface/0.13.9/jars/compiler-interface-src.jar ...
	[SUCCESSFUL ] org.scala-sbt#compiler-interface;0.13.9!compiler-interface-src.jar (2051ms)
downloading https://repo.typesafe.com/typesafe/ivy-releases/org.scala-sbt/compiler-interface/0.13.9/jars/compiler-interface-bin.jar ...
	[SUCCESSFUL ] org.scala-sbt#compiler-interface;0.13.9!compiler-interface-bin.jar (2342ms)
downloading https://repo.typesafe.com/typesafe/ivy-releases/org.scala-sbt/precompiled-2_8_2/0.13.9/jars/compiler-interface-bin.jar ...
	[SUCCESSFUL ] org.scala-sbt#precompiled-2_8_2;0.13.9!compiler-interface-bin.jar (2269ms)
downloading https://repo.typesafe.com/typesafe/ivy-releases/org.scala-sbt/precompiled-2_9_2/0.13.9/jars/compiler-interface-bin.jar ...
	[SUCCESSFUL ] org.scala-sbt#precompiled-2_9_2;0.13.9!compiler-interface-bin.jar (2226ms)
downloading https://repo.typesafe.com/typesafe/ivy-releases/org.scala-sbt/precompiled-2_9_3/0.13.9/jars/compiler-interface-bin.jar ...
	[SUCCESSFUL ] org.scala-sbt#precompiled-2_9_3;0.13.9!compiler-interface-bin.jar (2261ms)
downloading https://repo.typesafe.com/typesafe/ivy-releases/org.scala-sbt/actions/0.13.9/jars/actions.jar ...
	[SUCCESSFUL ] org.scala-sbt#actions;0.13.9!actions.jar (2376ms)
downloading https://repo.typesafe.com/typesafe/ivy-releases/org.scala-sbt/main-settings/0.13.9/jars/main-settings.jar ...
	[SUCCESSFUL ] org.scala-sbt#main-settings;0.13.9!main-settings.jar (2453ms)
downloading https://repo.typesafe.com/typesafe/ivy-releases/org.scala-sbt/interface/0.13.9/jars/interface.jar ...
	[SUCCESSFUL ] org.scala-sbt#interface;0.13.9!interface.jar (2188ms)
downloading https://repo.typesafe.com/typesafe/ivy-releases/org.scala-sbt/io/0.13.9/jars/io.jar ...
	[SUCCESSFUL ] org.scala-sbt#io;0.13.9!io.jar (2220ms)
downloading https://repo.typesafe.com/typesafe/ivy-releases/org.scala-sbt/ivy/0.13.9/jars/ivy.jar ...
	[SUCCESSFUL ] org.scala-sbt#ivy;0.13.9!ivy.jar (2530ms)
downloading https://repo.typesafe.com/typesafe/ivy-releases/org.scala-sbt/logging/0.13.9/jars/logging.jar ...
	[SUCCESSFUL ] org.scala-sbt#logging;0.13.9!logging.jar (2238ms)
downloading https://repo.typesafe.com/typesafe/ivy-releases/org.scala-sbt/logic/0.13.9/jars/logic.jar ...
	[SUCCESSFUL ] org.scala-sbt#logic;0.13.9!logic.jar (2047ms)
downloading https://repo.typesafe.com/typesafe/ivy-releases/org.scala-sbt/process/0.13.9/jars/process.jar ...
	[SUCCESSFUL ] org.scala-sbt#process;0.13.9!process.jar (2233ms)
downloading https://repo.typesafe.com/typesafe/ivy-releases/org.scala-sbt/run/0.13.9/jars/run.jar ...
	[SUCCESSFUL ] org.scala-sbt#run;0.13.9!run.jar (2037ms)
downloading https://repo.typesafe.com/typesafe/ivy-releases/org.scala-sbt/command/0.13.9/jars/command.jar ...
	[SUCCESSFUL ] org.scala-sbt#command;0.13.9!command.jar (2404ms)
downloading https://repo.typesafe.com/typesafe/ivy-releases/org.scala-sbt/classpath/0.13.9/jars/classpath.jar ...
	[SUCCESSFUL ] org.scala-sbt#classpath;0.13.9!classpath.jar (2413ms)
downloading https://repo.typesafe.com/typesafe/ivy-releases/org.scala-sbt/completion/0.13.9/jars/completion.jar ...
	[SUCCESSFUL ] org.scala-sbt#completion;0.13.9!completion.jar (2301ms)
downloading https://repo.typesafe.com/typesafe/ivy-releases/org.scala-sbt/api/0.13.9/jars/api.jar ...
	[SUCCESSFUL ] org.scala-sbt#api;0.13.9!api.jar (2351ms)
downloading https://repo.typesafe.com/typesafe/ivy-releases/org.scala-sbt/compiler-integration/0.13.9/jars/compiler-integration.jar ...
	[SUCCESSFUL ] org.scala-sbt#compiler-integration;0.13.9!compiler-integration.jar (2266ms)
downloading https://repo.typesafe.com/typesafe/ivy-releases/org.scala-sbt/compiler-ivy-integration/0.13.9/jars/compiler-ivy-integration.jar ...
	[SUCCESSFUL ] org.scala-sbt#compiler-ivy-integration;0.13.9!compiler-ivy-integration.jar (2117ms)
downloading https://repo.typesafe.com/typesafe/ivy-releases/org.scala-sbt/relation/0.13.9/jars/relation.jar ...
	[SUCCESSFUL ] org.scala-sbt#relation;0.13.9!relation.jar (2183ms)
downloading https://repo.typesafe.com/typesafe/ivy-releases/org.scala-sbt/task-system/0.13.9/jars/task-system.jar ...
	[SUCCESSFUL ] org.scala-sbt#task-system;0.13.9!task-system.jar (2201ms)
downloading https://repo.typesafe.com/typesafe/ivy-releases/org.scala-sbt/tasks/0.13.9/jars/tasks.jar ...
	[SUCCESSFUL ] org.scala-sbt#tasks;0.13.9!tasks.jar (2344ms)
downloading https://repo.typesafe.com/typesafe/ivy-releases/org.scala-sbt/tracking/0.13.9/jars/tracking.jar ...
	[SUCCESSFUL ] org.scala-sbt#tracking;0.13.9!tracking.jar (2177ms)
downloading https://repo.typesafe.com/typesafe/ivy-releases/org.scala-sbt/testing/0.13.9/jars/testing.jar ...
	[SUCCESSFUL ] org.scala-sbt#testing;0.13.9!testing.jar (2098ms)
downloading https://repo1.maven.org/maven2/org/scala-lang/scala-compiler/2.10.5/scala-compiler-2.10.5.jar ...
	[SUCCESSFUL ] org.scala-lang#scala-compiler;2.10.5!scala-compiler.jar (3361ms)
downloading https://repo1.maven.org/maven2/org/scala-lang/scala-reflect/2.10.5/scala-reflect-2.10.5.jar ...
	[SUCCESSFUL ] org.scala-lang#scala-reflect;2.10.5!scala-reflect.jar (769ms)
downloading https://repo.typesafe.com/typesafe/ivy-releases/org.scala-sbt/control/0.13.9/jars/control.jar ...
	[SUCCESSFUL ] org.scala-sbt#control;0.13.9!control.jar (2207ms)
downloading https://repo.typesafe.com/typesafe/ivy-releases/org.scala-sbt/collections/0.13.9/jars/collections.jar ...
	[SUCCESSFUL ] org.scala-sbt#collections;0.13.9!collections.jar (2655ms)
downloading https://repo1.maven.org/maven2/jline/jline/2.11/jline-2.11.jar ...
	[SUCCESSFUL ] jline#jline;2.11!jline.jar (202ms)
downloading https://repo.typesafe.com/typesafe/ivy-releases/org.scala-sbt/incremental-compiler/0.13.9/jars/incremental-compiler.jar ...
	[SUCCESSFUL ] org.scala-sbt#incremental-compiler;0.13.9!incremental-compiler.jar (2471ms)
downloading https://repo.typesafe.com/typesafe/ivy-releases/org.scala-sbt/compile/0.13.9/jars/compile.jar ...
	[SUCCESSFUL ] org.scala-sbt#compile;0.13.9!compile.jar (2287ms)
downloading https://repo.typesafe.com/typesafe/ivy-releases/org.scala-sbt/persist/0.13.9/jars/persist.jar ...
	[SUCCESSFUL ] org.scala-sbt#persist;0.13.9!persist.jar (2311ms)
downloading https://repo.typesafe.com/typesafe/ivy-releases/org.scala-sbt/classfile/0.13.9/jars/classfile.jar ...
	[SUCCESSFUL ] org.scala-sbt#classfile;0.13.9!classfile.jar (2254ms)
downloading https://repo.typesafe.com/typesafe/ivy-releases/org.scala-sbt/cross/0.13.9/jars/cross.jar ...
	[SUCCESSFUL ] org.scala-sbt#cross;0.13.9!cross.jar (1939ms)
downloading https://repo1.maven.org/maven2/org/scala-sbt/ivy/ivy/2.3.0-sbt-c5d1b95fdcc1e1007740ffbecf4eb07abc51ec93/ivy-2.3.0-sbt-c5d1b95fdcc1e1007740ffbecf4eb07abc51ec93.jar ...
	[SUCCESSFUL ] org.scala-sbt.ivy#ivy;2.3.0-sbt-c5d1b95fdcc1e1007740ffbecf4eb07abc51ec93!ivy.jar (608ms)
downloading https://repo.typesafe.com/typesafe/ivy-releases/org.scala-sbt/serialization_2.10/0.1.1/jars/serialization_2.10.jar ...
	[SUCCESSFUL ] org.scala-sbt#serialization_2.10;0.1.1!serialization_2.10.jar (2380ms)
downloading https://repo1.maven.org/maven2/org/scala-lang/modules/scala-pickling_2.10/0.10.0/scala-pickling_2.10-0.10.0.jar ...
	[SUCCESSFUL ] org.scala-lang.modules#scala-pickling_2.10;0.10.0!scala-pickling_2.10.jar (288ms)
downloading https://repo.typesafe.com/typesafe/ivy-releases/org.scala-sbt/cache/0.13.9/jars/cache.jar ...
	[SUCCESSFUL ] org.scala-sbt#cache;0.13.9!cache.jar (2120ms)
downloading https://repo.typesafe.com/typesafe/ivy-releases/org.scala-sbt/test-agent/0.13.9/jars/test-agent.jar ...
	[SUCCESSFUL ] org.scala-sbt#test-agent;0.13.9!test-agent.jar (2196ms)
downloading https://repo.typesafe.com/typesafe/ivy-releases/org.scala-sbt/apply-macro/0.13.9/jars/apply-macro.jar ...
	[SUCCESSFUL ] org.scala-sbt#apply-macro;0.13.9!apply-macro.jar (2005ms)
:: retrieving :: org.scala-sbt#boot-app
	confs: [default]
	52 artifacts copied, 0 already retrieved (17785kB/68ms)
Getting Scala 2.10.5 (for sbt)...
downloading https://repo1.maven.org/maven2/org/scala-lang/jline/2.10.5/jline-2.10.5.jar ...
	[SUCCESSFUL ] org.scala-lang#jline;2.10.5!jline.jar (197ms)
:: retrieving :: org.scala-sbt#boot-scala
	confs: [default]
	5 artifacts copied, 0 already retrieved (24493kB/29ms)
[info] Loading global plugins from /home/scips/.sbt/0.13/plugins
[info] Updating {file:/home/scips/.sbt/0.13/plugins/}global-plugins...
[info] Resolving org.ensime#sbt-ensime;1.0.0 ...
[info] Resolving org.scala-lang#scalap;2.10.6 ...
[info] Resolving org.scala-lang#scala-compiler;2.10.5 ...
[info] Resolving org.scala-lang#scala-library;2.10.5 ...
[info] Resolving org.scala-lang#scala-reflect;2.10.5 ...
[info] Resolving org.scalariform#scalariform_2.10;0.1.4 ...
[info] Resolving org.scala-sbt#sbt;0.13.9 ...
[info] Resolving org.scala-sbt#main;0.13.9 ...
[info] Resolving org.scala-sbt#actions;0.13.9 ...
[info] Resolving org.scala-sbt#classpath;0.13.9 ...
[info] Resolving org.scala-sbt#interface;0.13.9 ...
[info] Resolving org.scala-sbt#io;0.13.9 ...
[info] Resolving org.scala-sbt#control;0.13.9 ...
[info] Resolving org.scala-sbt#launcher-interface;1.0.0-M1 ...
[info] Resolving org.scala-sbt#completion;0.13.9 ...
[info] Resolving org.scala-sbt#collections;0.13.9 ...
[info] Resolving jline#jline;2.11 ...
[info] Resolving org.scala-sbt#api;0.13.9 ...
[info] Resolving org.scala-sbt#compiler-integration;0.13.9 ...
[info] Resolving org.scala-sbt#incremental-compiler;0.13.9 ...
[info] Resolving org.scala-sbt#logging;0.13.9 ...
[info] Resolving org.scala-sbt#process;0.13.9 ...
[info] Resolving org.scala-sbt#relation;0.13.9 ...
[info] Resolving org.scala-sbt#compile;0.13.9 ...
[info] Resolving org.scala-sbt#classfile;0.13.9 ...
[info] Resolving org.scala-sbt#persist;0.13.9 ...
[info] Resolving org.scala-tools.sbinary#sbinary_2.10;0.4.2 ...
[info] Resolving org.scala-sbt#compiler-ivy-integration;0.13.9 ...
[info] Resolving org.scala-sbt#ivy;0.13.9 ...
[info] Resolving org.scala-sbt#cross;0.13.9 ...
[info] Resolving org.scala-sbt.ivy#ivy;2.3.0-sbt-c5d1b95fdcc1e1007740ffbecf4eb07abc51ec93 ...
[info] Resolving com.jcraft#jsch;0.1.46 ...
[info] Resolving org.scala-sbt#serialization_2.10;0.1.1 ...
[info] Resolving org.scala-lang.modules#scala-pickling_2.10;0.10.0 ...
[info] Resolving org.scalamacros#quasiquotes_2.10;2.0.1 ...
[info] Resolving org.json4s#json4s-core_2.10;3.2.10 ...
[info] Resolving org.json4s#json4s-ast_2.10;3.2.10 ...
[info] Resolving com.thoughtworks.paranamer#paranamer;2.6 ...
[info] Resolving org.spire-math#jawn-parser_2.10;0.6.0 ...
[info] Resolving org.spire-math#json4s-support_2.10;0.6.0 ...
[info] Resolving org.scala-sbt#run;0.13.9 ...
[info] Resolving org.scala-sbt#task-system;0.13.9 ...
[info] Resolving org.scala-sbt#tasks;0.13.9 ...
[info] Resolving org.scala-sbt#tracking;0.13.9 ...
[info] Resolving org.scala-sbt#cache;0.13.9 ...
[info] Resolving org.scala-sbt#testing;0.13.9 ...
[info] Resolving org.scala-sbt#test-agent;0.13.9 ...
[info] Resolving org.scala-sbt#test-interface;1.0 ...
[info] Resolving org.scala-sbt#main-settings;0.13.9 ...
[info] Resolving org.scala-sbt#apply-macro;0.13.9 ...
[info] Resolving org.scala-sbt#command;0.13.9 ...
[info] Resolving org.scala-sbt#logic;0.13.9 ...
[info] Resolving org.scala-sbt#compiler-interface;0.13.9 ...
[info] Resolving org.scala-sbt#precompiled-2_8_2;0.13.9 ...
[info] Resolving org.scala-sbt#precompiled-2_9_2;0.13.9 ...
[info] Resolving org.scala-sbt#precompiled-2_9_3;0.13.9 ...
[info] Resolving org.scala-lang#jline;2.10.5 ...
[info] Resolving org.fusesource.jansi#jansi;1.4 ...
[info] Done updating.
[info] Loading project definition from /home/scips/Workspace/sandbox/Coursera/scala-101/.ensime_cache/Resolution/project
[info] Updating {file:/home/scips/Workspace/sandbox/Coursera/scala-101/.ensime_cache/Resolution/project/}resolution-build...
[info] Resolving org.scala-sbt#global-plugins;0.0 ...
[info] Resolving org.ensime#sbt-ensime;1.0.0 ...
[info] Resolving org.scala-lang#scalap;2.10.6 ...
[info] Resolving org.scala-lang#scala-compiler;2.10.5 ...
[info] Resolving org.scala-lang#scala-library;2.10.5 ...
[info] Resolving org.scala-lang#scala-reflect;2.10.5 ...
[info] Resolving org.scalariform#scalariform_2.10;0.1.4 ...
[info] Resolving org.scala-sbt#sbt;0.13.9 ...
[info] Resolving org.scala-sbt#main;0.13.9 ...
[info] Resolving org.scala-sbt#actions;0.13.9 ...
[info] Resolving org.scala-sbt#classpath;0.13.9 ...
[info] Resolving org.scala-sbt#interface;0.13.9 ...
[info] Resolving org.scala-sbt#io;0.13.9 ...
[info] Resolving org.scala-sbt#control;0.13.9 ...
[info] Resolving org.scala-sbt#launcher-interface;1.0.0-M1 ...
[info] Resolving org.scala-sbt#completion;0.13.9 ...
[info] Resolving org.scala-sbt#collections;0.13.9 ...
[info] Resolving jline#jline;2.11 ...
[info] Resolving org.scala-sbt#api;0.13.9 ...
[info] Resolving org.scala-sbt#compiler-integration;0.13.9 ...
[info] Resolving org.scala-sbt#incremental-compiler;0.13.9 ...
[info] Resolving org.scala-sbt#logging;0.13.9 ...
[info] Resolving org.scala-sbt#process;0.13.9 ...
[info] Resolving org.scala-sbt#relation;0.13.9 ...
[info] Resolving org.scala-sbt#compile;0.13.9 ...
[info] Resolving org.scala-sbt#classfile;0.13.9 ...
[info] Resolving org.scala-sbt#persist;0.13.9 ...
[info] Resolving org.scala-tools.sbinary#sbinary_2.10;0.4.2 ...
[info] Resolving org.scala-sbt#compiler-ivy-integration;0.13.9 ...
[info] Resolving org.scala-sbt#ivy;0.13.9 ...
[info] Resolving org.scala-sbt#cross;0.13.9 ...
[info] Resolving org.scala-sbt.ivy#ivy;2.3.0-sbt-c5d1b95fdcc1e1007740ffbecf4eb07abc51ec93 ...
[info] Resolving com.jcraft#jsch;0.1.46 ...
[info] Resolving org.scala-sbt#serialization_2.10;0.1.1 ...
[info] Resolving org.scala-lang.modules#scala-pickling_2.10;0.10.0 ...
[info] Resolving org.scalamacros#quasiquotes_2.10;2.0.1 ...
[info] Resolving org.json4s#json4s-core_2.10;3.2.10 ...
[info] Resolving org.json4s#json4s-ast_2.10;3.2.10 ...
[info] Resolving com.thoughtworks.paranamer#paranamer;2.6 ...
[info] Resolving org.spire-math#jawn-parser_2.10;0.6.0 ...
[info] Resolving org.spire-math#json4s-support_2.10;0.6.0 ...
[info] Resolving org.scala-sbt#run;0.13.9 ...
[info] Resolving org.scala-sbt#task-system;0.13.9 ...
[info] Resolving org.scala-sbt#tasks;0.13.9 ...
[info] Resolving org.scala-sbt#tracking;0.13.9 ...
[info] Resolving org.scala-sbt#cache;0.13.9 ...
[info] Resolving org.scala-sbt#testing;0.13.9 ...
[info] Resolving org.scala-sbt#test-agent;0.13.9 ...
[info] Resolving org.scala-sbt#test-interface;1.0 ...
[info] Resolving org.scala-sbt#main-settings;0.13.9 ...
[info] Resolving org.scala-sbt#apply-macro;0.13.9 ...
[info] Resolving org.scala-sbt#command;0.13.9 ...
[info] Resolving org.scala-sbt#logic;0.13.9 ...
[info] Resolving org.scala-sbt#compiler-interface;0.13.9 ...
[info] Resolving org.scala-sbt#precompiled-2_8_2;0.13.9 ...
[info] Resolving org.scala-sbt#precompiled-2_9_2;0.13.9 ...
[info] Resolving org.scala-sbt#precompiled-2_9_3;0.13.9 ...
[info] Resolving org.scala-lang#jline;2.10.5 ...
[info] Resolving org.fusesource.jansi#jansi;1.4 ...
[info] Resolving org.scala-lang#scalap;2.10.5 ...
[info] Resolving org.scala-lang#scalap;2.10.5 ...
[info] downloading https://repo1.maven.org/maven2/org/scala-lang/scalap/2.10.5/scalap-2.10.5.jar ...
[info] 	[SUCCESSFUL ] org.scala-lang#scalap;2.10.5!scalap.jar (402ms)
[info] Done updating.
[info] Set current project to resolution (in build file:/home/scips/Workspace/sandbox/Coursera/scala-101/.ensime_cache/Resolution/)
[info] Updating {file:/home/scips/Workspace/sandbox/Coursera/scala-101/.ensime_cache/Resolution/}resolution...
[info] Resolving org.scala-lang#scala-library;2.10.6 ...
[info] Resolving org.ensime#ensime_2.10;0.9.10-SNAPSHOT ...
[info] Resolving org.ensime#ensime_2.10;0.9.10-SNAPSHOT ...
[info] Resolving org.ensime#server_2.10;0.9.10-SNAPSHOT ...
[info] Resolving org.ensime#server_2.10;0.9.10-SNAPSHOT ...
[info] Resolving org.ensime#core_2.10;0.9.10-SNAPSHOT ...
[info] Resolving org.ensime#core_2.10;0.9.10-SNAPSHOT ...
[info] Resolving org.scala-lang#scala-compiler;2.10.6 ...
[info] Resolving org.scala-lang#scala-reflect;2.10.6 ...
[info] Resolving org.ensime#api_2.10;0.9.10-SNAPSHOT ...
[info] Resolving org.ensime#api_2.10;0.9.10-SNAPSHOT ...
[info] Resolving ch.qos.logback#logback-classic;1.1.7 ...
[info] Resolving ch.qos.logback#logback-classic;1.1.7 ...
[info] Resolving ch.qos.logback#logback-parent;1.1.7 ...
[info] Resolving ch.qos.logback#logback-parent;1.1.7 ...
[info] Resolving ch.qos.logback#logback-core;1.1.7 ...
[info] Resolving ch.qos.logback#logback-core;1.1.7 ...
[info] Resolving ch.qos.logback#logback-parent;1.1.7 ...
[info] Resolving org.slf4j#slf4j-api;1.7.21 ...
[info] Resolving org.slf4j#slf4j-api;1.7.21 ...
[info] Resolving org.slf4j#slf4j-parent;1.7.21 ...
[info] Resolving org.slf4j#slf4j-parent;1.7.21 ...
[info] Resolving org.slf4j#jul-to-slf4j;1.7.21 ...
[info] Resolving org.slf4j#jul-to-slf4j;1.7.21 ...
[info] Resolving org.slf4j#slf4j-parent;1.7.21 ...
[info] Resolving org.slf4j#jcl-over-slf4j;1.7.21 ...
[info] Resolving org.slf4j#jcl-over-slf4j;1.7.21 ...
[info] Resolving org.slf4j#slf4j-parent;1.7.21 ...
[info] Resolving org.scalariform#scalariform_2.10;0.1.8 ...
[info] Resolving org.scalariform#scalariform_2.10;0.1.8 ...
[info] Resolving org.ensime#s-express_2.10;0.9.10-SNAPSHOT ...
[info] Resolving org.ensime#s-express_2.10;0.9.10-SNAPSHOT ...
[info] Resolving org.ensime#util_2.10;0.9.10-SNAPSHOT ...
[info] Resolving org.ensime#util_2.10;0.9.10-SNAPSHOT ...
[info] Resolving org.apache.commons#commons-vfs2;2.1 ...
[info] Resolving org.apache.commons#commons-vfs2;2.1 ...
[info] Resolving org.apache.commons#commons-vfs2-project;2.1 ...
[info] Resolving org.apache.commons#commons-vfs2-project;2.1 ...
[info] Resolving org.apache.commons#commons-parent;40 ...
[info] Resolving org.apache.commons#commons-parent;40 ...
[info] Resolving org.apache#apache;17 ...
[info] Resolving org.apache#apache;17 ...
[info] Resolving com.google.guava#guava;19.0 ...
[info] Resolving com.google.guava#guava;19.0 ...
[info] Resolving com.google.guava#guava-parent;19.0 ...
[info] Resolving com.google.guava#guava-parent;19.0 ...
[info] Resolving org.sonatype.oss#oss-parent;7 ...
[info] Resolving org.parboiled#parboiled_2.10;2.1.2 ...
[info] Resolving org.parboiled#parboiled_2.10;2.1.2 ...
[info] Resolving org.scalamacros#quasiquotes_2.10;2.1.0 ...
[info] Resolving org.scalamacros#quasiquotes_2.10;2.1.0 ...
[info] Resolving com.chuusai#shapeless_2.10;2.3.1 ...
[info] Resolving com.chuusai#shapeless_2.10;2.3.1 ...
[info] Resolving org.typelevel#macro-compat_2.10;1.1.1 ...
[info] Resolving org.typelevel#macro-compat_2.10;1.1.1 ...
[info] Resolving org.ensime#monkeys_2.10;0.9.10-SNAPSHOT ...
[info] Resolving org.ensime#monkeys_2.10;0.9.10-SNAPSHOT ...
[info] Resolving org.scala-lang#scalap;2.10.6 ...
[info] Resolving com.typesafe.akka#akka-slf4j_2.10;2.3.15 ...
[info] Resolving com.typesafe.akka#akka-slf4j_2.10;2.3.15 ...
[info] Resolving com.typesafe.akka#akka-actor_2.10;2.3.15 ...
[info] Resolving com.typesafe.akka#akka-actor_2.10;2.3.15 ...
[info] Resolving com.typesafe#config;1.2.1 ...
[info] Resolving com.typesafe#config;1.2.1 ...
[info] Resolving org.ensime#java7-file-watcher_2.10;1.0.0 ...
[info] Resolving org.ensime#java7-file-watcher_2.10;1.0.0 ...
[info] Resolving com.h2database#h2;1.4.191 ...
[info] Resolving com.h2database#h2;1.4.191 ...
[info] Resolving com.typesafe.slick#slick_2.10;3.1.1 ...
[info] Resolving com.typesafe.slick#slick_2.10;3.1.1 ...
[info] Resolving org.reactivestreams#reactive-streams;1.0.0 ...
[info] Resolving org.reactivestreams#reactive-streams;1.0.0 ...
[info] Resolving com.zaxxer#HikariCP-java6;2.3.13 ...
[info] Resolving com.zaxxer#HikariCP-java6;2.3.13 ...
[info] Resolving com.zaxxer#HikariCP-parent;2.3.13 ...
[info] Resolving com.zaxxer#HikariCP-parent;2.3.13 ...
[info] Resolving org.sonatype.oss#oss-parent;7 ...
[info] Resolving org.apache.lucene#lucene-core;4.7.2 ...
[info] Resolving org.apache.lucene#lucene-core;4.7.2 ...
[info] Resolving org.apache.lucene#lucene-parent;4.7.2 ...
[info] Resolving org.apache.lucene#lucene-parent;4.7.2 ...
[info] Resolving org.apache.lucene#lucene-solr-grandparent;4.7.2 ...
[info] Resolving org.apache.lucene#lucene-solr-grandparent;4.7.2 ...
[info] Resolving org.apache#apache;13 ...
[info] Resolving org.apache#apache;13 ...
[info] Resolving org.apache.lucene#lucene-analyzers-common;4.7.2 ...
[info] Resolving org.apache.lucene#lucene-analyzers-common;4.7.2 ...
[info] Resolving org.apache.lucene#lucene-parent;4.7.2 ...
[info] Resolving org.ow2.asm#asm-commons;5.1 ...
[info] Resolving org.ow2.asm#asm-commons;5.1 ...
[info] Resolving org.ow2.asm#asm-parent;5.1 ...
[info] Resolving org.ow2.asm#asm-parent;5.1 ...
[info] Resolving org.ow2#ow2;1.3 ...
[info] Resolving org.ow2#ow2;1.3 ...
[info] Resolving org.ow2.asm#asm-tree;5.1 ...
[info] Resolving org.ow2.asm#asm-tree;5.1 ...
[info] Resolving org.ow2.asm#asm-parent;5.1 ...
[info] Resolving org.ow2.asm#asm;5.1 ...
[info] Resolving org.ow2.asm#asm;5.1 ...
[info] Resolving org.ow2.asm#asm-parent;5.1 ...
[info] Resolving org.ow2.asm#asm-util;5.1 ...
[info] Resolving org.ow2.asm#asm-util;5.1 ...
[info] Resolving org.ow2.asm#asm-parent;5.1 ...
[info] Resolving org.scala-refactoring#org.scala-refactoring.library_2.10.6;0.10.0 ...
[info] Resolving org.scala-refactoring#org.scala-refactoring.library_2.10.6;0.10.0 ...
[info] Resolving commons-lang#commons-lang;2.6 ...
[info] Resolving commons-lang#commons-lang;2.6 ...
[info] Resolving org.apache.commons#commons-parent;17 ...
[info] Resolving org.apache.commons#commons-parent;17 ...
[info] Resolving org.apache#apache;7 ...
[info] Resolving org.apache#apache;7 ...
[info] Resolving com.googlecode.java-diff-utils#diffutils;1.3.0 ...
[info] Resolving com.googlecode.java-diff-utils#diffutils;1.3.0 ...
[info] Resolving org.sonatype.oss#oss-parent;7 ...
[info] Resolving org.scala-debugger#scala-debugger-api_2.10;1.1.0-M1 ...
[info] Resolving org.scala-debugger#scala-debugger-api_2.10;1.1.0-M1 ...
[info] Resolving org.scala-debugger#scala-debugger-macros_2.10;1.1.0-M1 ...
[info] Resolving org.scala-debugger#scala-debugger-macros_2.10;1.1.0-M1 ...
[info] Resolving org.ensime#swanky_2.10;0.9.10-SNAPSHOT ...
[info] Resolving org.ensime#swanky_2.10;0.9.10-SNAPSHOT ...
[info] Resolving org.ensime#jerky_2.10;0.9.10-SNAPSHOT ...
[info] Resolving org.ensime#jerky_2.10;0.9.10-SNAPSHOT ...
[info] Resolving com.github.fommil#spray-json-shapeless_2.10;1.2.0 ...
[info] Resolving com.github.fommil#spray-json-shapeless_2.10;1.2.0 ...
[info] Resolving io.spray#spray-json_2.10;1.3.2 ...
[info] Resolving io.spray#spray-json_2.10;1.3.2 ...
[info] Resolving com.typesafe.akka#akka-stream-experimental_2.10;2.0.4 ...
[info] Resolving com.typesafe.akka#akka-stream-experimental_2.10;2.0.4 ...
[info] Resolving com.typesafe#ssl-config-akka_2.10;0.1.0 ...
[info] Resolving com.typesafe#ssl-config-akka_2.10;0.1.0 ...
[info] Resolving com.typesafe#ssl-config-core_2.10;0.1.0 ...
[info] Resolving com.typesafe#ssl-config-core_2.10;0.1.0 ...
[info] Resolving com.typesafe.akka#akka-http-core-experimental_2.10;2.0.4 ...
[info] Resolving com.typesafe.akka#akka-http-core-experimental_2.10;2.0.4 ...
[info] Resolving com.typesafe.akka#akka-parsing-experimental_2.10;2.0.4 ...
[info] Resolving com.typesafe.akka#akka-parsing-experimental_2.10;2.0.4 ...
[info] Resolving com.typesafe.akka#akka-http-experimental_2.10;2.0.4 ...
[info] Resolving com.typesafe.akka#akka-http-experimental_2.10;2.0.4 ...
[info] Resolving com.typesafe.akka#akka-http-spray-json-experimental_2.10;2.0.4 ...
[info] Resolving com.typesafe.akka#akka-http-spray-json-experimental_2.10;2.0.4 ...
[info] Resolving com.typesafe.akka#akka-http-xml-experimental_2.10;2.0.4 ...
[info] Resolving com.typesafe.akka#akka-http-xml-experimental_2.10;2.0.4 ...
[info] Resolving org.scala-lang#jline;2.10.6 ...
[info] Resolving org.fusesource.jansi#jansi;1.4 ...
[info] downloading https://oss.sonatype.org/content/repositories/snapshots/org/ensime/ensime_2.10/0.9.10-SNAPSHOT/ensime_2.10-0.9.10-SNAPSHOT.jar ...
[info] 	[SUCCESSFUL ] org.ensime#ensime_2.10;0.9.10-SNAPSHOT!ensime_2.10.jar (2279ms)
[info] downloading https://oss.sonatype.org/content/repositories/snapshots/org/ensime/server_2.10/0.9.10-SNAPSHOT/server_2.10-0.9.10-SNAPSHOT.jar ...
[info] 	[SUCCESSFUL ] org.ensime#server_2.10;0.9.10-SNAPSHOT!server_2.10.jar (2851ms)
[info] downloading https://repo1.maven.org/maven2/ch/qos/logback/logback-classic/1.1.7/logback-classic-1.1.7.jar ...
[info] 	[SUCCESSFUL ] ch.qos.logback#logback-classic;1.1.7!logback-classic.jar (431ms)
[info] downloading https://repo1.maven.org/maven2/org/slf4j/slf4j-api/1.7.21/slf4j-api-1.7.21.jar ...
[info] 	[SUCCESSFUL ] org.slf4j#slf4j-api;1.7.21!slf4j-api.jar (187ms)
[info] downloading https://repo1.maven.org/maven2/org/slf4j/jul-to-slf4j/1.7.21/jul-to-slf4j-1.7.21.jar ...
[info] 	[SUCCESSFUL ] org.slf4j#jul-to-slf4j;1.7.21!jul-to-slf4j.jar (161ms)
[info] downloading https://repo1.maven.org/maven2/org/slf4j/jcl-over-slf4j/1.7.21/jcl-over-slf4j-1.7.21.jar ...
[info] 	[SUCCESSFUL ] org.slf4j#jcl-over-slf4j;1.7.21!jcl-over-slf4j.jar (131ms)
[info] downloading https://oss.sonatype.org/content/repositories/snapshots/org/ensime/core_2.10/0.9.10-SNAPSHOT/core_2.10-0.9.10-SNAPSHOT.jar ...
[info] 	[SUCCESSFUL ] org.ensime#core_2.10;0.9.10-SNAPSHOT!core_2.10.jar (2097ms)
[info] downloading https://oss.sonatype.org/content/repositories/snapshots/org/ensime/swanky_2.10/0.9.10-SNAPSHOT/swanky_2.10-0.9.10-SNAPSHOT.jar ...
[info] 	[SUCCESSFUL ] org.ensime#swanky_2.10;0.9.10-SNAPSHOT!swanky_2.10.jar (1851ms)
[info] downloading https://oss.sonatype.org/content/repositories/snapshots/org/ensime/jerky_2.10/0.9.10-SNAPSHOT/jerky_2.10-0.9.10-SNAPSHOT.jar ...
[info] 	[SUCCESSFUL ] org.ensime#jerky_2.10;0.9.10-SNAPSHOT!jerky_2.10.jar (1221ms)
[info] downloading https://repo1.maven.org/maven2/com/typesafe/akka/akka-stream-experimental_2.10/2.0.4/akka-stream-experimental_2.10-2.0.4.jar ...
[info] 	[SUCCESSFUL ] com.typesafe.akka#akka-stream-experimental_2.10;2.0.4!akka-stream-experimental_2.10.jar (1112ms)
[info] downloading https://repo1.maven.org/maven2/com/typesafe/akka/akka-http-core-experimental_2.10/2.0.4/akka-http-core-experimental_2.10-2.0.4.jar ...
[info] 	[SUCCESSFUL ] com.typesafe.akka#akka-http-core-experimental_2.10;2.0.4!akka-http-core-experimental_2.10.jar (740ms)
[info] downloading https://repo1.maven.org/maven2/com/typesafe/akka/akka-http-experimental_2.10/2.0.4/akka-http-experimental_2.10-2.0.4.jar ...
[info] 	[SUCCESSFUL ] com.typesafe.akka#akka-http-experimental_2.10;2.0.4!akka-http-experimental_2.10.jar (595ms)
[info] downloading https://repo1.maven.org/maven2/com/typesafe/akka/akka-http-spray-json-experimental_2.10/2.0.4/akka-http-spray-json-experimental_2.10-2.0.4.jar ...
[info] 	[SUCCESSFUL ] com.typesafe.akka#akka-http-spray-json-experimental_2.10;2.0.4!akka-http-spray-json-experimental_2.10.jar (104ms)
[info] downloading https://repo1.maven.org/maven2/com/typesafe/akka/akka-http-xml-experimental_2.10/2.0.4/akka-http-xml-experimental_2.10-2.0.4.jar ...
[info] 	[SUCCESSFUL ] com.typesafe.akka#akka-http-xml-experimental_2.10;2.0.4!akka-http-xml-experimental_2.10.jar (105ms)
[info] downloading https://repo1.maven.org/maven2/com/chuusai/shapeless_2.10/2.3.1/shapeless_2.10-2.3.1.jar ...
[info] 	[SUCCESSFUL ] com.chuusai#shapeless_2.10;2.3.1!shapeless_2.10.jar(bundle) (832ms)
[info] downloading https://oss.sonatype.org/content/repositories/snapshots/org/ensime/api_2.10/0.9.10-SNAPSHOT/api_2.10-0.9.10-SNAPSHOT.jar ...
[info] 	[SUCCESSFUL ] org.ensime#api_2.10;0.9.10-SNAPSHOT!api_2.10.jar (1943ms)
[info] downloading https://oss.sonatype.org/content/repositories/snapshots/org/ensime/s-express_2.10/0.9.10-SNAPSHOT/s-express_2.10-0.9.10-SNAPSHOT.jar ...
[info] 	[SUCCESSFUL ] org.ensime#s-express_2.10;0.9.10-SNAPSHOT!s-express_2.10.jar (864ms)
[info] downloading https://oss.sonatype.org/content/repositories/snapshots/org/ensime/monkeys_2.10/0.9.10-SNAPSHOT/monkeys_2.10-0.9.10-SNAPSHOT.jar ...
[info] 	[SUCCESSFUL ] org.ensime#monkeys_2.10;0.9.10-SNAPSHOT!monkeys_2.10.jar (839ms)
[info] downloading https://repo1.maven.org/maven2/com/typesafe/akka/akka-slf4j_2.10/2.3.15/akka-slf4j_2.10-2.3.15.jar ...
[info] 	[SUCCESSFUL ] com.typesafe.akka#akka-slf4j_2.10;2.3.15!akka-slf4j_2.10.jar (194ms)
[info] downloading https://repo1.maven.org/maven2/org/ensime/java7-file-watcher_2.10/1.0.0/java7-file-watcher_2.10-1.0.0.jar ...
[info] 	[SUCCESSFUL ] org.ensime#java7-file-watcher_2.10;1.0.0!java7-file-watcher_2.10.jar (122ms)
[info] downloading https://repo1.maven.org/maven2/com/h2database/h2/1.4.191/h2-1.4.191.jar ...
[info] 	[SUCCESSFUL ] com.h2database#h2;1.4.191!h2.jar (481ms)
[info] downloading https://repo1.maven.org/maven2/com/typesafe/slick/slick_2.10/3.1.1/slick_2.10-3.1.1.jar ...
[info] 	[SUCCESSFUL ] com.typesafe.slick#slick_2.10;3.1.1!slick_2.10.jar(bundle) (1277ms)
[info] downloading https://repo1.maven.org/maven2/com/zaxxer/HikariCP-java6/2.3.13/HikariCP-java6-2.3.13.jar ...
[info] 	[SUCCESSFUL ] com.zaxxer#HikariCP-java6;2.3.13!HikariCP-java6.jar(bundle) (173ms)
[info] downloading https://repo1.maven.org/maven2/org/apache/lucene/lucene-core/4.7.2/lucene-core-4.7.2.jar ...
[info] 	[SUCCESSFUL ] org.apache.lucene#lucene-core;4.7.2!lucene-core.jar (745ms)
[info] downloading https://repo1.maven.org/maven2/org/apache/lucene/lucene-analyzers-common/4.7.2/lucene-analyzers-common-4.7.2.jar ...
[info] 	[SUCCESSFUL ] org.apache.lucene#lucene-analyzers-common;4.7.2!lucene-analyzers-common.jar (498ms)
[info] downloading https://repo1.maven.org/maven2/org/ow2/asm/asm-commons/5.1/asm-commons-5.1.jar ...
[info] 	[SUCCESSFUL ] org.ow2.asm#asm-commons;5.1!asm-commons.jar (166ms)
[info] downloading https://repo1.maven.org/maven2/org/ow2/asm/asm-util/5.1/asm-util-5.1.jar ...
[info] 	[SUCCESSFUL ] org.ow2.asm#asm-util;5.1!asm-util.jar (122ms)
[info] downloading https://repo1.maven.org/maven2/com/typesafe/akka/akka-actor_2.10/2.3.15/akka-actor_2.10-2.3.15.jar ...
[info] 	[SUCCESSFUL ] com.typesafe.akka#akka-actor_2.10;2.3.15!akka-actor_2.10.jar (789ms)
[info] downloading https://repo1.maven.org/maven2/org/scala-refactoring/org.scala-refactoring.library_2.10.6/0.10.0/org.scala-refactoring.library_2.10.6-0.10.0.jar ...
[info] 	[SUCCESSFUL ] org.scala-refactoring#org.scala-refactoring.library_2.10.6;0.10.0!org.scala-refactoring.library_2.10.6.jar (969ms)
[info] downloading https://repo1.maven.org/maven2/commons-lang/commons-lang/2.6/commons-lang-2.6.jar ...
[info] 	[SUCCESSFUL ] commons-lang#commons-lang;2.6!commons-lang.jar (220ms)
[info] downloading https://repo1.maven.org/maven2/com/googlecode/java-diff-utils/diffutils/1.3.0/diffutils-1.3.0.jar ...
[info] 	[SUCCESSFUL ] com.googlecode.java-diff-utils#diffutils;1.3.0!diffutils.jar (200ms)
[info] downloading https://repo1.maven.org/maven2/org/scala-debugger/scala-debugger-api_2.10/1.1.0-M1/scala-debugger-api_2.10-1.1.0-M1.jar ...
[info] 	[SUCCESSFUL ] org.scala-debugger#scala-debugger-api_2.10;1.1.0-M1!scala-debugger-api_2.10.jar (862ms)
[info] downloading https://repo1.maven.org/maven2/org/scalariform/scalariform_2.10/0.1.8/scalariform_2.10-0.1.8.jar ...
[info] 	[SUCCESSFUL ] org.scalariform#scalariform_2.10;0.1.8!scalariform_2.10.jar (675ms)
[info] downloading https://repo1.maven.org/maven2/ch/qos/logback/logback-core/1.1.7/logback-core-1.1.7.jar ...
[info] 	[SUCCESSFUL ] ch.qos.logback#logback-core;1.1.7!logback-core.jar (240ms)
[info] downloading https://oss.sonatype.org/content/repositories/snapshots/org/ensime/util_2.10/0.9.10-SNAPSHOT/util_2.10-0.9.10-SNAPSHOT.jar ...
[info] 	[SUCCESSFUL ] org.ensime#util_2.10;0.9.10-SNAPSHOT!util_2.10.jar (1524ms)
[info] downloading https://repo1.maven.org/maven2/org/parboiled/parboiled_2.10/2.1.2/parboiled_2.10-2.1.2.jar ...
[info] 	[SUCCESSFUL ] org.parboiled#parboiled_2.10;2.1.2!parboiled_2.10.jar(bundle) (332ms)
[info] downloading https://repo1.maven.org/maven2/org/apache/commons/commons-vfs2/2.1/commons-vfs2-2.1.jar ...
[info] 	[SUCCESSFUL ] org.apache.commons#commons-vfs2;2.1!commons-vfs2.jar (210ms)
[info] downloading https://repo1.maven.org/maven2/com/google/guava/guava/19.0/guava-19.0.jar ...
[info] 	[SUCCESSFUL ] com.google.guava#guava;19.0!guava.jar(bundle) (700ms)
[info] downloading https://repo1.maven.org/maven2/org/scalamacros/quasiquotes_2.10/2.1.0/quasiquotes_2.10-2.1.0.jar ...
[info] 	[SUCCESSFUL ] org.scalamacros#quasiquotes_2.10;2.1.0!quasiquotes_2.10.jar (318ms)
[info] downloading https://repo1.maven.org/maven2/org/typelevel/macro-compat_2.10/1.1.1/macro-compat_2.10-1.1.1.jar ...
[info] 	[SUCCESSFUL ] org.typelevel#macro-compat_2.10;1.1.1!macro-compat_2.10.jar (144ms)
[info] downloading https://repo1.maven.org/maven2/com/typesafe/config/1.2.1/config-1.2.1.jar ...
[info] 	[SUCCESSFUL ] com.typesafe#config;1.2.1!config.jar(bundle) (187ms)
[info] downloading https://repo1.maven.org/maven2/org/reactivestreams/reactive-streams/1.0.0/reactive-streams-1.0.0.jar ...
[info] 	[SUCCESSFUL ] org.reactivestreams#reactive-streams;1.0.0!reactive-streams.jar (147ms)
[info] downloading https://repo1.maven.org/maven2/org/ow2/asm/asm-tree/5.1/asm-tree-5.1.jar ...
[info] 	[SUCCESSFUL ] org.ow2.asm#asm-tree;5.1!asm-tree.jar (129ms)
[info] downloading https://repo1.maven.org/maven2/org/ow2/asm/asm/5.1/asm-5.1.jar ...
[info] 	[SUCCESSFUL ] org.ow2.asm#asm;5.1!asm.jar (122ms)
[info] downloading https://repo1.maven.org/maven2/org/scala-debugger/scala-debugger-macros_2.10/1.1.0-M1/scala-debugger-macros_2.10-1.1.0-M1.jar ...
[info] 	[SUCCESSFUL ] org.scala-debugger#scala-debugger-macros_2.10;1.1.0-M1!scala-debugger-macros_2.10.jar (135ms)
[info] downloading https://repo1.maven.org/maven2/com/github/fommil/spray-json-shapeless_2.10/1.2.0/spray-json-shapeless_2.10-1.2.0.jar ...
[info] 	[SUCCESSFUL ] com.github.fommil#spray-json-shapeless_2.10;1.2.0!spray-json-shapeless_2.10.jar (260ms)
[info] downloading https://repo1.maven.org/maven2/io/spray/spray-json_2.10/1.3.2/spray-json_2.10-1.3.2.jar ...
[info] 	[SUCCESSFUL ] io.spray#spray-json_2.10;1.3.2!spray-json_2.10.jar(bundle) (177ms)
[info] downloading https://repo1.maven.org/maven2/com/typesafe/ssl-config-akka_2.10/0.1.0/ssl-config-akka_2.10-0.1.0.jar ...
[info] 	[SUCCESSFUL ] com.typesafe#ssl-config-akka_2.10;0.1.0!ssl-config-akka_2.10.jar (158ms)
[info] downloading https://repo1.maven.org/maven2/com/typesafe/ssl-config-core_2.10/0.1.0/ssl-config-core_2.10-0.1.0.jar ...
[info] 	[SUCCESSFUL ] com.typesafe#ssl-config-core_2.10;0.1.0!ssl-config-core_2.10.jar (177ms)
[info] downloading https://repo1.maven.org/maven2/com/typesafe/akka/akka-parsing-experimental_2.10/2.0.4/akka-parsing-experimental_2.10-2.0.4.jar ...
[info] 	[SUCCESSFUL ] com.typesafe.akka#akka-parsing-experimental_2.10;2.0.4!akka-parsing-experimental_2.10.jar (288ms)
[info] Done updating.
[success] Total time: 82 s, completed Aug 2, 2016 3:15:02 PM
